<?xml version="1.0" encoding="UTF-8"?>
<testng-results ignored="1" total="2" passed="1" failed="0" skipped="0">
  <reporter-output>
  </reporter-output>
  <suite started-at="2026-05-20T15:41:43 IST" name="Default suite" finished-at="2026-05-20T15:42:17 IST" duration-ms="33584">
    <groups>
    </groups>
    <test started-at="2026-05-20T15:41:43 IST" name="Default test" finished-at="2026-05-20T15:42:17 IST" duration-ms="33584">
      <class name="com.client.projectName.SomkeTest.Serach_Module_Test">
        <test-method is-config="true" signature="configBS()[pri:0, instance:com.client.projectName.SomkeTest.Serach_Module_Test@5bda8e08]" started-at="2026-05-20T15:41:43 IST" name="configBS" finished-at="2026-05-20T15:41:43 IST" duration-ms="19" status="PASS">
          <reporter-output>
          </reporter-output>
        </test-method> <!-- configBS -->
        <test-method is-config="true" signature="configBC()[pri:0, instance:com.client.projectName.SomkeTest.Serach_Module_Test@5bda8e08]" started-at="2026-05-20T15:41:43 IST" name="configBC" finished-at="2026-05-20T15:41:48 IST" duration-ms="4857" status="PASS">
          <reporter-output>
          </reporter-output>
        </test-method> <!-- configBC -->
        <test-method is-config="true" signature="configBM()[pri:0, instance:com.client.projectName.SomkeTest.Serach_Module_Test@5bda8e08]" started-at="2026-05-20T15:41:48 IST" name="configBM" finished-at="2026-05-20T15:42:04 IST" duration-ms="15430" status="PASS">
          <reporter-output>
          </reporter-output>
        </test-method> <!-- configBM -->
        <test-method signature="Verify_product_detail()[pri:0, instance:com.client.projectName.SomkeTest.Serach_Module_Test@5bda8e08]" started-at="2026-05-20T15:42:04 IST" name="Verify_product_detail" finished-at="2026-05-20T15:42:13 IST" duration-ms="9140" status="PASS">
          <reporter-output>
          </reporter-output>
        </test-method> <!-- Verify_product_detail -->
        <test-method is-config="true" signature="configAM()[pri:0, instance:com.client.projectName.SomkeTest.Serach_Module_Test@5bda8e08]" started-at="2026-05-20T15:42:13 IST" name="configAM" finished-at="2026-05-20T15:42:16 IST" duration-ms="3458" status="PASS">
          <reporter-output>
          </reporter-output>
        </test-method> <!-- configAM -->
        <test-method is-config="true" signature="configAC()[pri:0, instance:com.client.projectName.SomkeTest.Serach_Module_Test@5bda8e08]" started-at="2026-05-20T15:42:16 IST" name="configAC" finished-at="2026-05-20T15:42:17 IST" duration-ms="593" status="PASS">
          <reporter-output>
          </reporter-output>
        </test-method> <!-- configAC -->
        <test-method is-config="true" signature="configAS()[pri:0, instance:com.client.projectName.SomkeTest.Serach_Module_Test@5bda8e08]" started-at="2026-05-20T15:42:17 IST" name="configAS" finished-at="2026-05-20T15:42:17 IST" duration-ms="2" status="PASS">
          <reporter-output>
          </reporter-output>
        </test-method> <!-- configAS -->
      </class> <!-- com.client.projectName.SomkeTest.Serach_Module_Test -->
    </test> <!-- Default test -->
  </suite> <!-- Default suite -->
</testng-results>
