<?xml version="1.0" encoding="UTF-8"?>
<!-- Generated by org.testng.reporters.JUnitXMLReporter -->
<testsuite ignored="1" hostname="SwapnilK" failures="0" tests="1" name="Default test" time="33.584" errors="0" timestamp="2026-05-20T15:42:17 IST">
  <testcase classname="com.client.projectName.SomkeTest.Serach_Module_Test" name="Verify_product_detail" time="9.14"/>
  <testcase classname="com.client.projectName.SomkeTest.Serach_Module_Test" name="Verify_search_functionality" time="0.0">
    <ignored/>
  </testcase> <!-- Verify_search_functionality -->
</testsuite> <!-- Default test -->
